0 info it worked if it ends with ok
1 verbose cli [ 'C:\\Program Files\\nodejs\\node.exe',
1 verbose cli   'C:\\Program Files\\nodejs\\node_modules\\npm\\bin\\npm-cli.js',
1 verbose cli   'install',
1 verbose cli   'bcrypt' ]
2 info using npm@2.14.3
3 info using node@v4.1.0
4 verbose install initial load of C:\Users\Parveen\workspace\Lab2\package.json
5 verbose installManyTop reading scoped package data from C:\Users\Parveen\workspace\Lab2\node_modules\body-parser\package.json
6 verbose installManyTop reading scoped package data from C:\Users\Parveen\workspace\Lab2\node_modules\cookie-parser\package.json
7 verbose installManyTop reading scoped package data from C:\Users\Parveen\workspace\Lab2\node_modules\debug\package.json
8 verbose installManyTop reading scoped package data from C:\Users\Parveen\workspace\Lab2\node_modules\ejs\package.json
9 verbose installManyTop reading scoped package data from C:\Users\Parveen\workspace\Lab2\node_modules\express\package.json
10 verbose installManyTop reading scoped package data from C:\Users\Parveen\workspace\Lab2\node_modules\morgan\package.json
11 verbose installManyTop reading scoped package data from C:\Users\Parveen\workspace\Lab2\node_modules\serve-favicon\package.json
12 verbose readDependencies loading dependencies from C:\Users\Parveen\workspace\Lab2\package.json
13 silly cache add args [ 'bcrypt', null ]
14 verbose cache add spec bcrypt
15 silly cache add parsed spec Result {
15 silly cache add   raw: 'bcrypt',
15 silly cache add   scope: null,
15 silly cache add   name: 'bcrypt',
15 silly cache add   rawSpec: '',
15 silly cache add   spec: '*',
15 silly cache add   type: 'range' }
16 silly addNamed bcrypt@*
17 verbose addNamed "*" is a valid semver range for bcrypt
18 silly addNameRange { name: 'bcrypt', range: '*', hasData: false }
19 silly mapToRegistry name bcrypt
20 silly mapToRegistry using default registry
21 silly mapToRegistry registry https://registry.npmjs.org/
22 silly mapToRegistry uri https://registry.npmjs.org/bcrypt
23 verbose addNameRange registry:https://registry.npmjs.org/bcrypt not in flight; fetching
24 verbose request uri https://registry.npmjs.org/bcrypt
25 verbose request no auth needed
26 info attempt registry request try #1 at 1:58:29 PM
27 verbose request id 36018bbc75561ab3
28 verbose etag "AOZDTL0PHYHSXTKBUOOSUBLRP"
29 http request GET https://registry.npmjs.org/bcrypt
30 http 200 https://registry.npmjs.org/bcrypt
31 silly get cb [ 200,
31 silly get   { server: 'CouchDB/1.5.0 (Erlang OTP/R16B03)',
31 silly get     etag: '"8MIE4A7QKRLFZH9ARZ81AYQ8V"',
31 silly get     'content-type': 'application/json',
31 silly get     'cache-control': 'max-age=60',
31 silly get     'content-length': '74318',
31 silly get     'accept-ranges': 'bytes',
31 silly get     date: 'Sat, 07 Nov 2015 21:58:43 GMT',
31 silly get     via: '1.1 varnish',
31 silly get     age: '0',
31 silly get     connection: 'keep-alive',
31 silly get     'x-served-by': 'cache-lax1433-LAX',
31 silly get     'x-cache': 'HIT',
31 silly get     'x-cache-hits': '1',
31 silly get     'x-timer': 'S1446933523.653506,VS0,VE76',
31 silly get     vary: 'Accept' } ]
32 verbose get saving bcrypt to C:\Users\Parveen\AppData\Roaming\npm-cache\registry.npmjs.org\bcrypt\.cache.json
33 silly addNameRange number 2 { name: 'bcrypt', range: '*', hasData: true }
34 silly addNameRange versions [ 'bcrypt',
34 silly addNameRange   [ '0.1.2',
34 silly addNameRange     '0.2.0',
34 silly addNameRange     '0.2.1',
34 silly addNameRange     '0.1.3',
34 silly addNameRange     '0.2.2',
34 silly addNameRange     '0.2.3',
34 silly addNameRange     '0.2.4',
34 silly addNameRange     '0.3.0',
34 silly addNameRange     '0.3.1',
34 silly addNameRange     '0.3.2',
34 silly addNameRange     '0.4.0',
34 silly addNameRange     '0.4.1',
34 silly addNameRange     '0.5.0',
34 silly addNameRange     '0.6.0',
34 silly addNameRange     '0.7.0',
34 silly addNameRange     '0.7.1',
34 silly addNameRange     '0.7.2',
34 silly addNameRange     '0.7.3',
34 silly addNameRange     '0.7.4',
34 silly addNameRange     '0.7.5',
34 silly addNameRange     '0.7.6',
34 silly addNameRange     '0.7.7',
34 silly addNameRange     '0.7.8',
34 silly addNameRange     '0.8.0',
34 silly addNameRange     '0.8.1',
34 silly addNameRange     '0.8.2',
34 silly addNameRange     '0.8.3',
34 silly addNameRange     '0.8.4',
34 silly addNameRange     '0.8.5' ] ]
35 silly addNamed bcrypt@0.8.5
36 verbose addNamed "0.8.5" is a plain semver version for bcrypt
37 silly mapToRegistry name bcrypt
38 silly mapToRegistry using default registry
39 silly mapToRegistry registry https://registry.npmjs.org/
40 silly mapToRegistry uri https://registry.npmjs.org/bcrypt
41 verbose addRemoteTarball https://registry.npmjs.org/bcrypt/-/bcrypt-0.8.5.tgz not in flight; adding
42 verbose addRemoteTarball [ 'https://registry.npmjs.org/bcrypt/-/bcrypt-0.8.5.tgz',
42 verbose addRemoteTarball   '8e5b81b4db80e944f440005979ca8d58a961861d' ]
43 info retry fetch attempt 1 at 1:58:30 PM
44 info attempt registry request try #1 at 1:58:30 PM
45 http fetch GET https://registry.npmjs.org/bcrypt/-/bcrypt-0.8.5.tgz
46 http fetch 200 https://registry.npmjs.org/bcrypt/-/bcrypt-0.8.5.tgz
47 silly fetchAndShaCheck shasum 8e5b81b4db80e944f440005979ca8d58a961861d
48 verbose addTmpTarball C:\Users\Parveen\AppData\Local\Temp\npm-6724-20d6301f\registry.npmjs.org\bcrypt\-\bcrypt-0.8.5.tgz not in flight; adding
49 verbose addTmpTarball already have metadata; skipping unpack for bcrypt@0.8.5
50 silly cache afterAdd bcrypt@0.8.5
51 verbose afterAdd C:\Users\Parveen\AppData\Roaming\npm-cache\bcrypt\0.8.5\package\package.json not in flight; writing
52 verbose afterAdd C:\Users\Parveen\AppData\Roaming\npm-cache\bcrypt\0.8.5\package\package.json written
53 silly install resolved [ { name: 'bcrypt',
53 silly install resolved     description: 'A bcrypt library for NodeJS.',
53 silly install resolved     keywords:
53 silly install resolved      [ 'bcrypt',
53 silly install resolved        'password',
53 silly install resolved        'auth',
53 silly install resolved        'authentication',
53 silly install resolved        'encryption',
53 silly install resolved        'crypt',
53 silly install resolved        'crypto' ],
53 silly install resolved     main: './bcrypt',
53 silly install resolved     version: '0.8.5',
53 silly install resolved     author: { name: 'Nick Campbell', url: 'https://github.com/ncb000gt' },
53 silly install resolved     engines: { node: '>= 0.6.0' },
53 silly install resolved     repository:
53 silly install resolved      { type: 'git',
53 silly install resolved        url: 'git+https://github.com/ncb000gt/node.bcrypt.js.git' },
53 silly install resolved     license: 'MIT',
53 silly install resolved     bugs: { url: 'https://github.com/ncb000gt/node.bcrypt.js/issues' },
53 silly install resolved     scripts:
53 silly install resolved      { test: 'node-gyp configure build && nodeunit test',
53 silly install resolved        install: 'node-gyp rebuild' },
53 silly install resolved     dependencies: { bindings: '1.2.1', nan: '2.0.5' },
53 silly install resolved     devDependencies: { nodeunit: '~0.9.1' },
53 silly install resolved     contributors:
53 silly install resolved      [ [Object],
53 silly install resolved        [Object],
53 silly install resolved        [Object],
53 silly install resolved        [Object],
53 silly install resolved        [Object],
53 silly install resolved        [Object],
53 silly install resolved        [Object],
53 silly install resolved        [Object],
53 silly install resolved        [Object],
53 silly install resolved        [Object],
53 silly install resolved        [Object],
53 silly install resolved        [Object],
53 silly install resolved        [Object],
53 silly install resolved        [Object] ],
53 silly install resolved     gypfile: true,
53 silly install resolved     gitHead: '5d97708f06754d7d7989c67ba867002d10013615',
53 silly install resolved     homepage: 'https://github.com/ncb000gt/node.bcrypt.js#readme',
53 silly install resolved     _id: 'bcrypt@0.8.5',
53 silly install resolved     _shasum: '8e5b81b4db80e944f440005979ca8d58a961861d',
53 silly install resolved     _from: 'bcrypt@*',
53 silly install resolved     _npmVersion: '2.13.3',
53 silly install resolved     _nodeVersion: '3.0.0',
53 silly install resolved     _npmUser: { name: 'defunctzombie', email: 'shtylman@gmail.com' },
53 silly install resolved     dist:
53 silly install resolved      { shasum: '8e5b81b4db80e944f440005979ca8d58a961861d',
53 silly install resolved        tarball: 'http://registry.npmjs.org/bcrypt/-/bcrypt-0.8.5.tgz' },
53 silly install resolved     maintainers: [ [Object], [Object], [Object], [Object] ],
53 silly install resolved     directories: {},
53 silly install resolved     _resolved: 'https://registry.npmjs.org/bcrypt/-/bcrypt-0.8.5.tgz' } ]
54 info install bcrypt@0.8.5 into C:\Users\Parveen\workspace\Lab2
55 info installOne bcrypt@0.8.5
56 verbose installOne of bcrypt to C:\Users\Parveen\workspace\Lab2 not in flight; installing
57 verbose lock using C:\Users\Parveen\AppData\Roaming\npm-cache\_locks\bcrypt-bc8d64a477a8c15f.lock for C:\Users\Parveen\workspace\Lab2\node_modules\bcrypt
58 silly install write writing bcrypt 0.8.5 to C:\Users\Parveen\workspace\Lab2\node_modules\bcrypt
59 verbose unbuild node_modules\bcrypt
60 silly gentlyRm C:\Users\Parveen\workspace\Lab2\node_modules\bcrypt is being purged from base C:\Users\Parveen\workspace\Lab2
61 verbose gentlyRm don't care about contents; nuking C:\Users\Parveen\workspace\Lab2\node_modules\bcrypt
62 verbose tar unpack C:\Users\Parveen\AppData\Roaming\npm-cache\bcrypt\0.8.5\package.tgz
63 verbose tar unpacking to C:\Users\Parveen\workspace\Lab2\node_modules\bcrypt
64 silly gentlyRm C:\Users\Parveen\workspace\Lab2\node_modules\bcrypt is being purged
65 verbose gentlyRm don't care about contents; nuking C:\Users\Parveen\workspace\Lab2\node_modules\bcrypt
66 silly gunzTarPerm modes [ '777', '666' ]
67 silly gunzTarPerm extractEntry package.json
68 silly gunzTarPerm modified mode [ 'package.json', 420, 438 ]
69 silly gunzTarPerm extractEntry .npmignore
70 silly gunzTarPerm modified mode [ '.npmignore', 420, 438 ]
71 silly gunzTarPerm extractEntry README.md
72 silly gunzTarPerm modified mode [ 'README.md', 420, 438 ]
73 silly gunzTarPerm extractEntry LICENSE
74 silly gunzTarPerm modified mode [ 'LICENSE', 420, 438 ]
75 silly gunzTarPerm extractEntry bcrypt.js
76 silly gunzTarPerm modified mode [ 'bcrypt.js', 420, 438 ]
77 silly gunzTarPerm extractEntry binding.gyp
78 silly gunzTarPerm modified mode [ 'binding.gyp', 420, 438 ]
79 silly gunzTarPerm extractEntry .travis.yml
80 silly gunzTarPerm modified mode [ '.travis.yml', 420, 438 ]
81 silly gunzTarPerm extractEntry CHANGELOG.md
82 silly gunzTarPerm modified mode [ 'CHANGELOG.md', 420, 438 ]
83 silly gunzTarPerm extractEntry examples/async_compare.js
84 silly gunzTarPerm modified mode [ 'examples/async_compare.js', 420, 438 ]
85 silly gunzTarPerm extractEntry examples/forever_gen_salt.js
86 silly gunzTarPerm modified mode [ 'examples/forever_gen_salt.js', 420, 438 ]
87 silly gunzTarPerm extractEntry test/async.js
88 silly gunzTarPerm modified mode [ 'test/async.js', 420, 438 ]
89 silly gunzTarPerm extractEntry test/repetitions.js
90 silly gunzTarPerm modified mode [ 'test/repetitions.js', 420, 438 ]
91 silly gunzTarPerm extractEntry test/sync.js
92 silly gunzTarPerm modified mode [ 'test/sync.js', 420, 438 ]
93 silly gunzTarPerm extractEntry Makefile
94 silly gunzTarPerm modified mode [ 'Makefile', 420, 438 ]
95 silly gunzTarPerm extractEntry src/bcrypt.cc
96 silly gunzTarPerm modified mode [ 'src/bcrypt.cc', 420, 438 ]
97 silly gunzTarPerm extractEntry src/bcrypt_node.cc
98 silly gunzTarPerm modified mode [ 'src/bcrypt_node.cc', 420, 438 ]
99 silly gunzTarPerm extractEntry src/blowfish.cc
100 silly gunzTarPerm modified mode [ 'src/blowfish.cc', 420, 438 ]
101 silly gunzTarPerm extractEntry src/node_blf.h
102 silly gunzTarPerm modified mode [ 'src/node_blf.h', 420, 438 ]
103 silly gunzTarPerm extractEntry werker.yml
104 silly gunzTarPerm modified mode [ 'werker.yml', 420, 438 ]
105 verbose write writing to C:\Users\Parveen\workspace\Lab2\node_modules\bcrypt\package.json
106 info preinstall bcrypt@0.8.5
107 verbose readDependencies loading dependencies from C:\Users\Parveen\workspace\Lab2\node_modules\bcrypt\package.json
108 silly prepareForInstallMany adding bindings@1.2.1 from bcrypt dependencies
109 silly prepareForInstallMany adding nan@2.0.5 from bcrypt dependencies
110 verbose readDependencies loading dependencies from C:\Users\Parveen\workspace\Lab2\node_modules\bcrypt\package.json
111 silly cache add args [ 'bindings@1.2.1', null ]
112 verbose cache add spec bindings@1.2.1
113 silly cache add args [ 'nan@2.0.5', null ]
114 verbose cache add spec nan@2.0.5
115 silly cache add parsed spec Result {
115 silly cache add   raw: 'bindings@1.2.1',
115 silly cache add   scope: null,
115 silly cache add   name: 'bindings',
115 silly cache add   rawSpec: '1.2.1',
115 silly cache add   spec: '1.2.1',
115 silly cache add   type: 'version' }
116 silly addNamed bindings@1.2.1
117 verbose addNamed "1.2.1" is a plain semver version for bindings
118 silly mapToRegistry name bindings
119 silly mapToRegistry using default registry
120 silly mapToRegistry registry https://registry.npmjs.org/
121 silly mapToRegistry uri https://registry.npmjs.org/bindings
122 verbose addNameVersion registry:https://registry.npmjs.org/bindings not in flight; fetching
123 silly cache add parsed spec Result {
123 silly cache add   raw: 'nan@2.0.5',
123 silly cache add   scope: null,
123 silly cache add   name: 'nan',
123 silly cache add   rawSpec: '2.0.5',
123 silly cache add   spec: '2.0.5',
123 silly cache add   type: 'version' }
124 silly addNamed nan@2.0.5
125 verbose addNamed "2.0.5" is a plain semver version for nan
126 silly mapToRegistry name nan
127 silly mapToRegistry using default registry
128 silly mapToRegistry registry https://registry.npmjs.org/
129 silly mapToRegistry uri https://registry.npmjs.org/nan
130 verbose addNameVersion registry:https://registry.npmjs.org/nan not in flight; fetching
131 verbose request uri https://registry.npmjs.org/bindings
132 verbose request no auth needed
133 info attempt registry request try #1 at 1:58:31 PM
134 verbose etag "547Q3C60W4DUGPOZ65YOO6930"
135 http request GET https://registry.npmjs.org/bindings
136 verbose request uri https://registry.npmjs.org/nan
137 verbose request no auth needed
138 info attempt registry request try #1 at 1:58:31 PM
139 verbose etag "1L4RU1AM541YSVP1YQFXG1Y1J"
140 http request GET https://registry.npmjs.org/nan
141 http 200 https://registry.npmjs.org/bindings
142 silly get cb [ 200,
142 silly get   { server: 'CouchDB/1.5.0 (Erlang OTP/R16B03)',
142 silly get     etag: '"9T1GC8LK3NF0OJU9OPHCFIKS3"',
142 silly get     'content-type': 'application/json',
142 silly get     'cache-control': 'max-age=60',
142 silly get     'content-length': '18032',
142 silly get     'accept-ranges': 'bytes',
142 silly get     date: 'Sat, 07 Nov 2015 21:58:44 GMT',
142 silly get     via: '1.1 varnish',
142 silly get     age: '29',
142 silly get     connection: 'keep-alive',
142 silly get     'x-served-by': 'cache-lax1432-LAX',
142 silly get     'x-cache': 'HIT',
142 silly get     'x-cache-hits': '1',
142 silly get     'x-timer': 'S1446933524.629523,VS0,VE0',
142 silly get     vary: 'Accept' } ]
143 verbose get saving bindings to C:\Users\Parveen\AppData\Roaming\npm-cache\registry.npmjs.org\bindings\.cache.json
144 silly mapToRegistry name bindings
145 silly mapToRegistry using default registry
146 silly mapToRegistry registry https://registry.npmjs.org/
147 silly mapToRegistry uri https://registry.npmjs.org/bindings
148 verbose addRemoteTarball https://registry.npmjs.org/bindings/-/bindings-1.2.1.tgz not in flight; adding
149 verbose addRemoteTarball [ 'https://registry.npmjs.org/bindings/-/bindings-1.2.1.tgz',
149 verbose addRemoteTarball   '14ad6113812d2d37d72e67b4cacb4bb726505f11' ]
150 info retry fetch attempt 1 at 1:58:31 PM
151 info attempt registry request try #1 at 1:58:31 PM
152 http fetch GET https://registry.npmjs.org/bindings/-/bindings-1.2.1.tgz
153 http 200 https://registry.npmjs.org/nan
154 silly get cb [ 200,
154 silly get   { server: 'CouchDB/1.5.0 (Erlang OTP/R16B03)',
154 silly get     etag: '"CJ3ZKOY24CWA1LM0KQ4KE7PG1"',
154 silly get     'content-type': 'application/json',
154 silly get     'cache-control': 'max-age=60',
154 silly get     'content-length': '100046',
154 silly get     'accept-ranges': 'bytes',
154 silly get     date: 'Sat, 07 Nov 2015 21:58:44 GMT',
154 silly get     via: '1.1 varnish',
154 silly get     age: '56',
154 silly get     connection: 'keep-alive',
154 silly get     'x-served-by': 'cache-lax1431-LAX',
154 silly get     'x-cache': 'HIT',
154 silly get     'x-cache-hits': '3',
154 silly get     'x-timer': 'S1446933524.643728,VS0,VE0',
154 silly get     vary: 'Accept' } ]
155 verbose get saving nan to C:\Users\Parveen\AppData\Roaming\npm-cache\registry.npmjs.org\nan\.cache.json
156 silly mapToRegistry name nan
157 silly mapToRegistry using default registry
158 silly mapToRegistry registry https://registry.npmjs.org/
159 silly mapToRegistry uri https://registry.npmjs.org/nan
160 verbose addRemoteTarball https://registry.npmjs.org/nan/-/nan-2.0.5.tgz not in flight; adding
161 verbose addRemoteTarball [ 'https://registry.npmjs.org/nan/-/nan-2.0.5.tgz',
161 verbose addRemoteTarball   '365888014be1fd178db0cbfa258edf7b0cb1c408' ]
162 info retry fetch attempt 1 at 1:58:31 PM
163 info attempt registry request try #1 at 1:58:31 PM
164 http fetch GET https://registry.npmjs.org/nan/-/nan-2.0.5.tgz
165 http fetch 200 https://registry.npmjs.org/bindings/-/bindings-1.2.1.tgz
166 silly fetchAndShaCheck shasum 14ad6113812d2d37d72e67b4cacb4bb726505f11
167 verbose addTmpTarball C:\Users\Parveen\AppData\Local\Temp\npm-6724-20d6301f\registry.npmjs.org\bindings\-\bindings-1.2.1.tgz not in flight; adding
168 verbose addTmpTarball already have metadata; skipping unpack for bindings@1.2.1
169 silly cache afterAdd bindings@1.2.1
170 verbose afterAdd C:\Users\Parveen\AppData\Roaming\npm-cache\bindings\1.2.1\package\package.json not in flight; writing
171 verbose afterAdd C:\Users\Parveen\AppData\Roaming\npm-cache\bindings\1.2.1\package\package.json written
172 http fetch 200 https://registry.npmjs.org/nan/-/nan-2.0.5.tgz
173 silly fetchAndShaCheck shasum 365888014be1fd178db0cbfa258edf7b0cb1c408
174 verbose addTmpTarball C:\Users\Parveen\AppData\Local\Temp\npm-6724-20d6301f\registry.npmjs.org\nan\-\nan-2.0.5.tgz not in flight; adding
175 verbose addTmpTarball already have metadata; skipping unpack for nan@2.0.5
176 silly cache afterAdd nan@2.0.5
177 verbose afterAdd C:\Users\Parveen\AppData\Roaming\npm-cache\nan\2.0.5\package\package.json not in flight; writing
178 verbose afterAdd C:\Users\Parveen\AppData\Roaming\npm-cache\nan\2.0.5\package\package.json written
179 silly install resolved [ { name: 'bindings',
179 silly install resolved     description: 'Helper module for loading your native module\'s .node file',
179 silly install resolved     keywords: [ 'native', 'addon', 'bindings', 'gyp', 'waf', 'c', 'c++' ],
179 silly install resolved     version: '1.2.1',
179 silly install resolved     author:
179 silly install resolved      { name: 'Nathan Rajlich',
179 silly install resolved        email: 'nathan@tootallnate.net',
179 silly install resolved        url: 'http://tootallnate.net' },
179 silly install resolved     repository:
179 silly install resolved      { type: 'git',
179 silly install resolved        url: 'git://github.com/TooTallNate/node-bindings.git' },
179 silly install resolved     main: './bindings.js',
179 silly install resolved     bugs: { url: 'https://github.com/TooTallNate/node-bindings/issues' },
179 silly install resolved     homepage: 'https://github.com/TooTallNate/node-bindings',
179 silly install resolved     license: 'MIT',
179 silly install resolved     gitHead: 'e404152ee27f8478ccbc7122ee051246e8e5ec02',
179 silly install resolved     _id: 'bindings@1.2.1',
179 silly install resolved     scripts: {},
179 silly install resolved     _shasum: '14ad6113812d2d37d72e67b4cacb4bb726505f11',
179 silly install resolved     _from: 'bindings@1.2.1',
179 silly install resolved     _npmVersion: '1.4.14',
179 silly install resolved     _npmUser: { name: 'tootallnate', email: 'nathan@tootallnate.net' },
179 silly install resolved     maintainers: [ [Object], [Object] ],
179 silly install resolved     dist:
179 silly install resolved      { shasum: '14ad6113812d2d37d72e67b4cacb4bb726505f11',
179 silly install resolved        tarball: 'http://registry.npmjs.org/bindings/-/bindings-1.2.1.tgz' },
179 silly install resolved     directories: {},
179 silly install resolved     _resolved: 'https://registry.npmjs.org/bindings/-/bindings-1.2.1.tgz' },
179 silly install resolved   { name: 'nan',
179 silly install resolved     version: '2.0.5',
179 silly install resolved     description: 'Native Abstractions for Node.js: C++ header for Node 0.8->0.12 compatibility',
179 silly install resolved     main: 'include_dirs.js',
179 silly install resolved     repository: { type: 'git', url: 'git://github.com/nodejs/nan.git' },
179 silly install resolved     scripts:
179 silly install resolved      { test: 'tap --gc test/js/*-test.js',
179 silly install resolved        'rebuild-tests': 'pangyp rebuild --msvs_version=2013 --directory test',
179 silly install resolved        docs: 'doc/.build.sh' },
179 silly install resolved     contributors:
179 silly install resolved      [ [Object],
179 silly install resolved        [Object],
179 silly install resolved        [Object],
179 silly install resolved        [Object],
179 silly install resolved        [Object],
179 silly install resolved        [Object],
179 silly install resolved        [Object] ],
179 silly install resolved     devDependencies:
179 silly install resolved      { bindings: '~1.2.1',
179 silly install resolved        'node-gyp': '~2.0.2',
179 silly install resolved        pangyp: '~2.2.0',
179 silly install resolved        tap: '~0.7.1',
179 silly install resolved        xtend: '~4.0.0' },
179 silly install resolved     license: 'MIT',
179 silly install resolved     gitHead: 'd13a2e9ce762fd130877b53c71d35963fa2cf689',
179 silly install resolved     bugs: { url: 'https://github.com/nodejs/nan/issues' },
179 silly install resolved     homepage: 'https://github.com/nodejs/nan#readme',
179 silly install resolved     _id: 'nan@2.0.5',
179 silly install resolved     _shasum: '365888014be1fd178db0cbfa258edf7b0cb1c408',
179 silly install resolved     _from: 'nan@2.0.5',
179 silly install resolved     _npmVersion: '2.13.3',
179 silly install resolved     _nodeVersion: '3.0.0',
179 silly install resolved     _npmUser: { name: 'kkoopa', email: 'bbyholm@abo.fi' },
179 silly install resolved     maintainers: [ [Object], [Object] ],
179 silly install resolved     dist:
179 silly install resolved      { shasum: '365888014be1fd178db0cbfa258edf7b0cb1c408',
179 silly install resolved        tarball: 'http://registry.npmjs.org/nan/-/nan-2.0.5.tgz' },
179 silly install resolved     directories: {},
179 silly install resolved     _resolved: 'https://registry.npmjs.org/nan/-/nan-2.0.5.tgz' } ]
180 info install bindings@1.2.1 into C:\Users\Parveen\workspace\Lab2\node_modules\bcrypt
181 info install nan@2.0.5 into C:\Users\Parveen\workspace\Lab2\node_modules\bcrypt
182 info installOne bindings@1.2.1
183 verbose installOne of bindings to C:\Users\Parveen\workspace\Lab2\node_modules\bcrypt not in flight; installing
184 info installOne nan@2.0.5
185 verbose installOne of nan to C:\Users\Parveen\workspace\Lab2\node_modules\bcrypt not in flight; installing
186 verbose lock using C:\Users\Parveen\AppData\Roaming\npm-cache\_locks\bindings-85ec9b00e9738f99.lock for C:\Users\Parveen\workspace\Lab2\node_modules\bcrypt\node_modules\bindings
187 verbose lock using C:\Users\Parveen\AppData\Roaming\npm-cache\_locks\nan-cfcb81d1da6e30b7.lock for C:\Users\Parveen\workspace\Lab2\node_modules\bcrypt\node_modules\nan
188 silly install write writing bindings 1.2.1 to C:\Users\Parveen\workspace\Lab2\node_modules\bcrypt\node_modules\bindings
189 silly install write writing nan 2.0.5 to C:\Users\Parveen\workspace\Lab2\node_modules\bcrypt\node_modules\nan
190 verbose unbuild node_modules\bcrypt\node_modules\bindings
191 verbose unbuild node_modules\bcrypt\node_modules\nan
192 silly gentlyRm C:\Users\Parveen\workspace\Lab2\node_modules\bcrypt\node_modules\bindings is being purged from base C:\Users\Parveen\workspace\Lab2
193 verbose gentlyRm don't care about contents; nuking C:\Users\Parveen\workspace\Lab2\node_modules\bcrypt\node_modules\bindings
194 silly gentlyRm C:\Users\Parveen\workspace\Lab2\node_modules\bcrypt\node_modules\nan is being purged from base C:\Users\Parveen\workspace\Lab2
195 verbose gentlyRm don't care about contents; nuking C:\Users\Parveen\workspace\Lab2\node_modules\bcrypt\node_modules\nan
196 verbose tar unpack C:\Users\Parveen\AppData\Roaming\npm-cache\bindings\1.2.1\package.tgz
197 verbose tar unpacking to C:\Users\Parveen\workspace\Lab2\node_modules\bcrypt\node_modules\bindings
198 silly gentlyRm C:\Users\Parveen\workspace\Lab2\node_modules\bcrypt\node_modules\bindings is being purged
199 verbose gentlyRm don't care about contents; nuking C:\Users\Parveen\workspace\Lab2\node_modules\bcrypt\node_modules\bindings
200 verbose tar unpack C:\Users\Parveen\AppData\Roaming\npm-cache\nan\2.0.5\package.tgz
201 verbose tar unpacking to C:\Users\Parveen\workspace\Lab2\node_modules\bcrypt\node_modules\nan
202 silly gentlyRm C:\Users\Parveen\workspace\Lab2\node_modules\bcrypt\node_modules\nan is being purged
203 verbose gentlyRm don't care about contents; nuking C:\Users\Parveen\workspace\Lab2\node_modules\bcrypt\node_modules\nan
204 silly gunzTarPerm modes [ '777', '666' ]
205 silly gunzTarPerm modes [ '777', '666' ]
206 silly gunzTarPerm extractEntry package.json
207 silly gunzTarPerm modified mode [ 'package.json', 420, 438 ]
208 silly gunzTarPerm extractEntry package.json
209 silly gunzTarPerm modified mode [ 'package.json', 436, 438 ]
210 silly gunzTarPerm extractEntry README.md
211 silly gunzTarPerm modified mode [ 'README.md', 420, 438 ]
212 silly gunzTarPerm extractEntry bindings.js
213 silly gunzTarPerm modified mode [ 'bindings.js', 420, 438 ]
214 silly gunzTarPerm extractEntry README.md
215 silly gunzTarPerm modified mode [ 'README.md', 436, 438 ]
216 silly gunzTarPerm extractEntry include_dirs.js
217 silly gunzTarPerm modified mode [ 'include_dirs.js', 436, 438 ]
218 silly gunzTarPerm extractEntry nan_converters.h
219 silly gunzTarPerm modified mode [ 'nan_converters.h', 436, 438 ]
220 silly gunzTarPerm extractEntry LICENSE.md
221 silly gunzTarPerm modified mode [ 'LICENSE.md', 436, 438 ]
222 silly gunzTarPerm extractEntry .dntrc
223 silly gunzTarPerm modified mode [ '.dntrc', 436, 438 ]
224 silly gunzTarPerm extractEntry appveyor.yml
225 silly gunzTarPerm modified mode [ 'appveyor.yml', 436, 438 ]
226 verbose write writing to C:\Users\Parveen\workspace\Lab2\node_modules\bcrypt\node_modules\bindings\package.json
227 info preinstall bindings@1.2.1
228 verbose readDependencies loading dependencies from C:\Users\Parveen\workspace\Lab2\node_modules\bcrypt\node_modules\bindings\package.json
229 verbose readDependencies loading dependencies from C:\Users\Parveen\workspace\Lab2\node_modules\bcrypt\node_modules\bindings\package.json
230 silly install resolved []
231 verbose about to build C:\Users\Parveen\workspace\Lab2\node_modules\bcrypt\node_modules\bindings
232 info build C:\Users\Parveen\workspace\Lab2\node_modules\bcrypt\node_modules\bindings
233 info linkStuff bindings@1.2.1
234 silly linkStuff bindings@1.2.1 has C:\Users\Parveen\workspace\Lab2\node_modules\bcrypt\node_modules as its parent node_modules
235 verbose linkBins bindings@1.2.1
236 verbose linkMans bindings@1.2.1
237 verbose rebuildBundles bindings@1.2.1
238 info install bindings@1.2.1
239 info postinstall bindings@1.2.1
240 silly gunzTarPerm extractEntry doc/new.md
241 silly gunzTarPerm modified mode [ 'doc/new.md', 436, 438 ]
242 silly gunzTarPerm extractEntry doc/.build.sh
243 silly gunzTarPerm modified mode [ 'doc/.build.sh', 509, 511 ]
244 verbose unlock done using C:\Users\Parveen\AppData\Roaming\npm-cache\_locks\bindings-85ec9b00e9738f99.lock for C:\Users\Parveen\workspace\Lab2\node_modules\bcrypt\node_modules\bindings
245 silly gunzTarPerm extractEntry doc/buffers.md
246 silly gunzTarPerm modified mode [ 'doc/buffers.md', 436, 438 ]
247 silly gunzTarPerm extractEntry doc/callback.md
248 silly gunzTarPerm modified mode [ 'doc/callback.md', 436, 438 ]
249 silly gunzTarPerm extractEntry doc/converters.md
250 silly gunzTarPerm modified mode [ 'doc/converters.md', 436, 438 ]
251 silly gunzTarPerm extractEntry doc/errors.md
252 silly gunzTarPerm modified mode [ 'doc/errors.md', 436, 438 ]
253 silly gunzTarPerm extractEntry doc/maybe_types.md
254 silly gunzTarPerm modified mode [ 'doc/maybe_types.md', 436, 438 ]
255 silly gunzTarPerm extractEntry doc/methods.md
256 silly gunzTarPerm modified mode [ 'doc/methods.md', 436, 438 ]
257 silly gunzTarPerm extractEntry doc/asyncworker.md
258 silly gunzTarPerm modified mode [ 'doc/asyncworker.md', 436, 438 ]
259 silly gunzTarPerm extractEntry doc/node_misc.md
260 silly gunzTarPerm modified mode [ 'doc/node_misc.md', 436, 438 ]
261 silly gunzTarPerm extractEntry doc/persistent.md
262 silly gunzTarPerm modified mode [ 'doc/persistent.md', 436, 438 ]
263 silly gunzTarPerm extractEntry doc/scopes.md
264 silly gunzTarPerm modified mode [ 'doc/scopes.md', 436, 438 ]
265 silly gunzTarPerm extractEntry doc/script.md
266 silly gunzTarPerm modified mode [ 'doc/script.md', 436, 438 ]
267 silly gunzTarPerm extractEntry doc/string_bytes.md
268 silly gunzTarPerm modified mode [ 'doc/string_bytes.md', 436, 438 ]
269 silly gunzTarPerm extractEntry doc/v8_internals.md
270 silly gunzTarPerm modified mode [ 'doc/v8_internals.md', 436, 438 ]
271 silly gunzTarPerm extractEntry doc/v8_misc.md
272 silly gunzTarPerm modified mode [ 'doc/v8_misc.md', 436, 438 ]
273 silly gunzTarPerm extractEntry nan.h
274 silly gunzTarPerm modified mode [ 'nan.h', 436, 438 ]
275 silly gunzTarPerm extractEntry nan_callbacks.h
276 silly gunzTarPerm modified mode [ 'nan_callbacks.h', 436, 438 ]
277 silly gunzTarPerm extractEntry nan_callbacks_12_inl.h
278 silly gunzTarPerm modified mode [ 'nan_callbacks_12_inl.h', 436, 438 ]
279 silly gunzTarPerm extractEntry nan_callbacks_pre_12_inl.h
280 silly gunzTarPerm modified mode [ 'nan_callbacks_pre_12_inl.h', 436, 438 ]
281 silly gunzTarPerm extractEntry nan_converters_43_inl.h
282 silly gunzTarPerm modified mode [ 'nan_converters_43_inl.h', 436, 438 ]
283 silly gunzTarPerm extractEntry nan_converters_pre_43_inl.h
284 silly gunzTarPerm modified mode [ 'nan_converters_pre_43_inl.h', 436, 438 ]
285 silly gunzTarPerm extractEntry nan_implementation_12_inl.h
286 silly gunzTarPerm modified mode [ 'nan_implementation_12_inl.h', 436, 438 ]
287 silly gunzTarPerm extractEntry nan_implementation_pre_12_inl.h
288 silly gunzTarPerm modified mode [ 'nan_implementation_pre_12_inl.h', 436, 438 ]
289 silly gunzTarPerm extractEntry nan_maybe_43_inl.h
290 silly gunzTarPerm modified mode [ 'nan_maybe_43_inl.h', 436, 438 ]
291 silly gunzTarPerm extractEntry nan_maybe_pre_43_inl.h
292 silly gunzTarPerm modified mode [ 'nan_maybe_pre_43_inl.h', 436, 438 ]
293 silly gunzTarPerm extractEntry nan_new.h
294 silly gunzTarPerm modified mode [ 'nan_new.h', 436, 438 ]
295 silly gunzTarPerm extractEntry nan_object_wrap.h
296 silly gunzTarPerm modified mode [ 'nan_object_wrap.h', 436, 438 ]
297 silly gunzTarPerm extractEntry nan_persistent_12_inl.h
298 silly gunzTarPerm modified mode [ 'nan_persistent_12_inl.h', 436, 438 ]
299 silly gunzTarPerm extractEntry nan_persistent_pre_12_inl.h
300 silly gunzTarPerm modified mode [ 'nan_persistent_pre_12_inl.h', 436, 438 ]
301 silly gunzTarPerm extractEntry nan_string_bytes.h
302 silly gunzTarPerm modified mode [ 'nan_string_bytes.h', 436, 438 ]
303 silly gunzTarPerm extractEntry nan_weak.h
304 silly gunzTarPerm modified mode [ 'nan_weak.h', 436, 438 ]
305 silly gunzTarPerm extractEntry CHANGELOG.md
306 silly gunzTarPerm modified mode [ 'CHANGELOG.md', 436, 438 ]
307 silly gunzTarPerm extractEntry tools/package.json
308 silly gunzTarPerm modified mode [ 'tools/package.json', 436, 438 ]
309 silly gunzTarPerm extractEntry tools/README.md
310 silly gunzTarPerm modified mode [ 'tools/README.md', 436, 438 ]
311 silly gunzTarPerm extractEntry tools/1to2.js
312 silly gunzTarPerm modified mode [ 'tools/1to2.js', 509, 511 ]
313 verbose write writing to C:\Users\Parveen\workspace\Lab2\node_modules\bcrypt\node_modules\nan\package.json
314 info preinstall nan@2.0.5
315 verbose readDependencies loading dependencies from C:\Users\Parveen\workspace\Lab2\node_modules\bcrypt\node_modules\nan\package.json
316 verbose readDependencies loading dependencies from C:\Users\Parveen\workspace\Lab2\node_modules\bcrypt\node_modules\nan\package.json
317 silly install resolved []
318 verbose about to build C:\Users\Parveen\workspace\Lab2\node_modules\bcrypt\node_modules\nan
319 info build C:\Users\Parveen\workspace\Lab2\node_modules\bcrypt\node_modules\nan
320 info linkStuff nan@2.0.5
321 silly linkStuff nan@2.0.5 has C:\Users\Parveen\workspace\Lab2\node_modules\bcrypt\node_modules as its parent node_modules
322 verbose linkBins nan@2.0.5
323 verbose linkMans nan@2.0.5
324 verbose rebuildBundles nan@2.0.5
325 info install nan@2.0.5
326 info postinstall nan@2.0.5
327 verbose unlock done using C:\Users\Parveen\AppData\Roaming\npm-cache\_locks\nan-cfcb81d1da6e30b7.lock for C:\Users\Parveen\workspace\Lab2\node_modules\bcrypt\node_modules\nan
328 verbose about to build C:\Users\Parveen\workspace\Lab2\node_modules\bcrypt
329 info build C:\Users\Parveen\workspace\Lab2\node_modules\bcrypt
330 info linkStuff bcrypt@0.8.5
331 silly linkStuff bcrypt@0.8.5 has C:\Users\Parveen\workspace\Lab2\node_modules as its parent node_modules
332 verbose linkBins bcrypt@0.8.5
333 verbose linkMans bcrypt@0.8.5
334 verbose rebuildBundles bcrypt@0.8.5
335 verbose rebuildBundles [ 'bindings', 'nan' ]
336 info install bcrypt@0.8.5
337 verbose unsafe-perm in lifecycle true
338 info bcrypt@0.8.5 Failed to exec install script
339 verbose unlock done using C:\Users\Parveen\AppData\Roaming\npm-cache\_locks\bcrypt-bc8d64a477a8c15f.lock for C:\Users\Parveen\workspace\Lab2\node_modules\bcrypt
340 verbose stack Error: bcrypt@0.8.5 install: `node-gyp rebuild`
340 verbose stack Exit status 1
340 verbose stack     at EventEmitter.<anonymous> (C:\Program Files\nodejs\node_modules\npm\lib\utils\lifecycle.js:214:16)
340 verbose stack     at emitTwo (events.js:87:13)
340 verbose stack     at EventEmitter.emit (events.js:172:7)
340 verbose stack     at ChildProcess.<anonymous> (C:\Program Files\nodejs\node_modules\npm\lib\utils\spawn.js:24:14)
340 verbose stack     at emitTwo (events.js:87:13)
340 verbose stack     at ChildProcess.emit (events.js:172:7)
340 verbose stack     at maybeClose (internal/child_process.js:817:16)
340 verbose stack     at Process.ChildProcess._handle.onexit (internal/child_process.js:211:5)
341 verbose pkgid bcrypt@0.8.5
342 verbose cwd C:\Users\Parveen\workspace\Lab2
343 error Windows_NT 10.0.10240
344 error argv "C:\\Program Files\\nodejs\\node.exe" "C:\\Program Files\\nodejs\\node_modules\\npm\\bin\\npm-cli.js" "install" "bcrypt"
345 error node v4.1.0
346 error npm  v2.14.3
347 error code ELIFECYCLE
348 error bcrypt@0.8.5 install: `node-gyp rebuild`
348 error Exit status 1
349 error Failed at the bcrypt@0.8.5 install script 'node-gyp rebuild'.
349 error This is most likely a problem with the bcrypt package,
349 error not with npm itself.
349 error Tell the author that this fails on your system:
349 error     node-gyp rebuild
349 error You can get their info via:
349 error     npm owner ls bcrypt
349 error There is likely additional logging output above.
350 verbose exit [ 1, true ]
351 verbose unbuild node_modules\bcrypt
352 info preuninstall bcrypt@0.8.5
353 info uninstall bcrypt@0.8.5
354 verbose unbuild rmStuff bcrypt@0.8.5 from C:\Users\Parveen\workspace\Lab2\node_modules
355 info postuninstall bcrypt@0.8.5
356 silly gentlyRm C:\Users\Parveen\workspace\Lab2\node_modules\bcrypt is being purged from base C:\Users\Parveen\workspace\Lab2
357 verbose gentlyRm don't care about contents; nuking C:\Users\Parveen\workspace\Lab2\node_modules\bcrypt
358 silly vacuum-fs purging C:\Users\Parveen\workspace\Lab2\node_modules\bcrypt
359 silly vacuum-fs quitting because other entries in C:\Users\Parveen\workspace\Lab2\node_modules
